Using pre-set license
Built from '2020.2/staging' branch; Version is '2020.2.3f1 (8ff31bc5bf5b) revision 9433883'; Using compiler version '192528614'; Build Type 'Release'
OS: 'Windows 10 Home; OS build 19042.867; Version 2009; 64bit' Language: 'en' Physical Memory: 8070 MB
BatchMode: 1, IsHumanControllingUs: 0, StartBugReporterOnCrash: 0, Is64bit: 1, IsPro: 0

 COMMAND LINE ARGUMENTS:
C:\Program Files\Unity\Editor\2020.2.3f1\Editor\Unity.exe
-adb2
-batchMode
-noUpm
-name
AssetImportWorker0
-projectPath
C:/Users/rivas/Desktop/3D FPS Game
-logFile
Logs/AssetImportWorker0.log
-srvPort
62005
Successfully changed project path to: C:/Users/rivas/Desktop/3D FPS Game
C:/Users/rivas/Desktop/3D FPS Game
Using Asset Import Pipeline V2.
Refreshing native plugins compatible for Editor in 19.29 ms, found 0 plugins.
Preloading 0 native plugins for Editor in 0.00 ms.
Initialize engine version: 2020.2.3f1 (8ff31bc5bf5b)
[Subsystems] Discovering subsystems at path C:/Program Files/Unity/Editor/2020.2.3f1/Editor/Data/Resources/UnitySubsystems
[Subsystems] Discovering subsystems at path C:/Users/rivas/Desktop/3D FPS Game/Assets
GfxDevice: creating device client; threaded=0
Direct3D:
    Version:  Direct3D 11.0 [level 11.1]
    Renderer: Intel(R) UHD Graphics 620 (ID=0x3ea0)
    Vendor:   
    VRAM:     4035 MB
    Driver:   27.20.100.8935
Initialize mono
Mono path[0] = 'C:/Program Files/Unity/Editor/2020.2.3f1/Editor/Data/Managed'
Mono path[1] = 'C:/Program Files/Unity/Editor/2020.2.3f1/Editor/Data/MonoBleedingEdge/lib/mono/unityjit'
Mono config path = 'C:/Program Files/Unity/Editor/2020.2.3f1/Editor/Data/MonoBleedingEdge/etc'
Using monoOptions --debugger-agent=transport=dt_socket,embedding=1,server=y,suspend=n,address=127.0.0.1:56592
Begin MonoManager ReloadAssembly
Registering precompiled unity dll's ...
Register platform support module: C:/Program Files/Unity/Editor/2020.2.3f1/Editor/Data/PlaybackEngines/WindowsStandaloneSupport/UnityEditor.WindowsStandalone.Extensions.dll
Registered in 0.000996 seconds.
Native extension for WindowsStandalone target not found
Refreshing native plugins compatible for Editor in 19.70 ms, found 0 plugins.
Preloading 0 native plugins for Editor in 0.00 ms.
Invoked RoslynAnalysisRunner static constructor.
RoslynAnalysisRunner will not be running.
RoslynAnalysisRunner has terminated.
Mono: successfully reloaded assembly
- Completed reload, in  0.802 seconds
Platform modules already initialized, skipping
Registering precompiled user dll's ...
Registered in 0.000456 seconds.
Begin MonoManager ReloadAssembly
Native extension for WindowsStandalone target not found
Refreshing native plugins compatible for Editor in 0.18 ms, found 0 plugins.
Preloading 0 native plugins for Editor in 0.00 ms.
Invoked RoslynAnalysisRunner static constructor.
RoslynAnalysisRunner will not be running.
RoslynAnalysisRunner has terminated.
Mono: successfully reloaded assembly
- Completed reload, in  0.674 seconds
Platform modules already initialized, skipping
========================================================================
Worker process is ready to serve import requests
Launched and connected shader compiler UnityShaderCompiler.exe after 0.03 seconds
Refreshing native plugins compatible for Editor in 0.18 ms, found 0 plugins.
Preloading 0 native plugins for Editor in 0.00 ms.
Unloading 1103 Unused Serialized files (Serialized files now loaded: 0)
System memory in use before: 56.7 MB.
System memory in use after: 56.7 MB.

Unloading 10 unused Assets to reduce memory usage. Loaded Objects now: 1545.
Total: 1.747400 ms (FindLiveObjects: 0.206300 ms CreateObjectMapping: 0.032000 ms MarkObjects: 1.393400 ms  DeleteObjects: 0.115000 ms)

========================================================================
Received Import Request.
  path: Assets/New Material.mat
  artifactKey: Guid(1ccb07d8889bb34418178dcae0834e88) Importer(815301076,1909f56bfc062723c751e8b465ee728b)
Start importing Assets/New Material.mat using Guid(1ccb07d8889bb34418178dcae0834e88) Importer(815301076,1909f56bfc062723c751e8b465ee728b)  -> (artifact id: '881909ae691d3247f746a5518aee0837') in 0.108928 seconds
  Import took 0.110676 seconds .

========================================================================
Received Import Request.
  Time since last request: 51.820806 seconds.
  path: Assets/Scenes
  artifactKey: Guid(279245f03dc967847a210534e5bda644) Importer(815301076,1909f56bfc062723c751e8b465ee728b)
Start importing Assets/Scenes using Guid(279245f03dc967847a210534e5bda644) Importer(815301076,1909f56bfc062723c751e8b465ee728b)  -> (artifact id: '1826291a2f32d983da2ab3dea7db1e6d') in 0.001688 seconds
  Import took 0.004125 seconds .

========================================================================
Received Import Request.
  Time since last request: 2.319357 seconds.
  path: Assets/Scenes/SampleScene.unity
  artifactKey: Guid(9fc0d4010bbf28b4594072e72b8655ab) Importer(815301076,1909f56bfc062723c751e8b465ee728b)
Start importing Assets/Scenes/SampleScene.unity using Guid(9fc0d4010bbf28b4594072e72b8655ab) Importer(815301076,1909f56bfc062723c751e8b465ee728b)  -> (artifact id: 'a0ba9fd0a808516969c642a6079d4ee5') in 0.004164 seconds
  Import took 0.006142 seconds .

========================================================================
Received Import Request.
  Time since last request: 3.851499 seconds.
  path: Assets/EnemyScript.cs
  artifactKey: Guid(9c06ea661d92e2f47ad4e0f8da308753) Importer(815301076,1909f56bfc062723c751e8b465ee728b)
Start importing Assets/EnemyScript.cs using Guid(9c06ea661d92e2f47ad4e0f8da308753) Importer(815301076,1909f56bfc062723c751e8b465ee728b)  -> (artifact id: '21bd1c7f72af132669153798cb88d278') in 0.003888 seconds
  Import took 0.006176 seconds .

========================================================================
Received Import Request.
  Time since last request: 0.000858 seconds.
  path: Assets/EnemyScript.cs
  artifactKey: Guid(9c06ea661d92e2f47ad4e0f8da308753) Importer(815301076,1909f56bfc062723c751e8b465ee728b)
Start importing Assets/EnemyScript.cs using Guid(9c06ea661d92e2f47ad4e0f8da308753) Importer(815301076,1909f56bfc062723c751e8b465ee728b)  -> (artifact id: '21bd1c7f72af132669153798cb88d278') in 0.001919 seconds
  Import took 0.004765 seconds .

========================================================================
Received Import Request.
  Time since last request: 7.370251 seconds.
  path: Assets/GunScript.cs
  artifactKey: Guid(98ebe09bd040baa498136a6fc786a3ec) Importer(815301076,1909f56bfc062723c751e8b465ee728b)
Start importing Assets/GunScript.cs using Guid(98ebe09bd040baa498136a6fc786a3ec) Importer(815301076,1909f56bfc062723c751e8b465ee728b)  -> (artifact id: '776b431ea51788e778c213cb2d0066d2') in 0.001425 seconds
  Import took 0.003365 seconds .

========================================================================
Received Prepare
Registering precompiled user dll's ...
Registered in 0.003245 seconds.
Begin MonoManager ReloadAssembly
Native extension for WindowsStandalone target not found
Refreshing native plugins compatible for Editor in 0.38 ms, found 0 plugins.
Preloading 0 native plugins for Editor in 0.00 ms.
Invoked RoslynAnalysisRunner static constructor.
RoslynAnalysisRunner will not be running.
RoslynAnalysisRunner has terminated.
Mono: successfully reloaded assembly
- Completed reload, in  2.036 seconds
Platform modules already initialized, skipping
Refreshing native plugins compatible for Editor in 0.56 ms, found 0 plugins.
Preloading 0 native plugins for Editor in 0.00 ms.
Unloading 1098 Unused Serialized files (Serialized files now loaded: 0)
System memory in use before: 60.0 MB.
System memory in use after: 60.0 MB.

Unloading 5 unused Assets to reduce memory usage. Loaded Objects now: 1587.
Total: 9.081400 ms (FindLiveObjects: 0.704200 ms CreateObjectMapping: 0.238300 ms MarkObjects: 7.827700 ms  DeleteObjects: 0.306600 ms)

========================================================================
Received Prepare
Registering precompiled user dll's ...
Registered in 0.000943 seconds.
Begin MonoManager ReloadAssembly
Native extension for WindowsStandalone target not found
Refreshing native plugins compatible for Editor in 0.24 ms, found 0 plugins.
Preloading 0 native plugins for Editor in 0.00 ms.
Invoked RoslynAnalysisRunner static constructor.
RoslynAnalysisRunner will not be running.
RoslynAnalysisRunner has terminated.
Mono: successfully reloaded assembly
- Completed reload, in  1.721 seconds
Platform modules already initialized, skipping
Refreshing native plugins compatible for Editor in 0.30 ms, found 0 plugins.
Preloading 0 native plugins for Editor in 0.00 ms.
Unloading 1098 Unused Serialized files (Serialized files now loaded: 0)
System memory in use before: 60.0 MB.
System memory in use after: 60.1 MB.

Unloading 5 unused Assets to reduce memory usage. Loaded Objects now: 1589.
Total: 2.892500 ms (FindLiveObjects: 0.248600 ms CreateObjectMapping: 0.133300 ms MarkObjects: 2.439200 ms  DeleteObjects: 0.069500 ms)

========================================================================
Received Import Request.
  Time since last request: 15447.114395 seconds.
  path: Assets/Enemy.prefab
  artifactKey: Guid(7bc4959e75163f742a09785f9cd09d46) Importer(815301076,1909f56bfc062723c751e8b465ee728b)
Start importing Assets/Enemy.prefab using Guid(7bc4959e75163f742a09785f9cd09d46) Importer(815301076,1909f56bfc062723c751e8b465ee728b)  -> (artifact id: 'fe82c3d970fd13c3896e893faed077b8') in 0.146260 seconds
  Import took 0.150644 seconds .

========================================================================
Received Import Request.
  Time since last request: 6.790075 seconds.
  path: Assets/Enemy.prefab
  artifactKey: Guid(7bc4959e75163f742a09785f9cd09d46) Importer(815301076,1909f56bfc062723c751e8b465ee728b)
Start importing Assets/Enemy.prefab using Guid(7bc4959e75163f742a09785f9cd09d46) Importer(815301076,1909f56bfc062723c751e8b465ee728b)  -> (artifact id: '992f7d2aca8a68ce3ce80428238b8646') in 0.015308 seconds
  Import took 0.019567 seconds .

========================================================================
Received Prepare
Registering precompiled user dll's ...
Registered in 0.001258 seconds.
Begin MonoManager ReloadAssembly
Native extension for WindowsStandalone target not found
Refreshing native plugins compatible for Editor in 0.43 ms, found 0 plugins.
Preloading 0 native plugins for Editor in 0.00 ms.
Invoked RoslynAnalysisRunner static constructor.
RoslynAnalysisRunner will not be running.
RoslynAnalysisRunner has terminated.
Mono: successfully reloaded assembly
- Completed reload, in  1.877 seconds
Platform modules already initialized, skipping
Refreshing native plugins compatible for Editor in 0.38 ms, found 0 plugins.
Preloading 0 native plugins for Editor in 0.00 ms.
Unloading 1098 Unused Serialized files (Serialized files now loaded: 0)
System memory in use before: 60.0 MB.
System memory in use after: 60.1 MB.

Unloading 5 unused Assets to reduce memory usage. Loaded Objects now: 1593.
Total: 3.272700 ms (FindLiveObjects: 0.272200 ms CreateObjectMapping: 0.070000 ms MarkObjects: 2.862600 ms  DeleteObjects: 0.065300 ms)

========================================================================
Received Import Request.
  Time since last request: 117.434385 seconds.
  path: Assets/Enemy.prefab
  artifactKey: Guid(7bc4959e75163f742a09785f9cd09d46) Importer(815301076,1909f56bfc062723c751e8b465ee728b)
Start importing Assets/Enemy.prefab using Guid(7bc4959e75163f742a09785f9cd09d46) Importer(815301076,1909f56bfc062723c751e8b465ee728b)  -> (artifact id: '4a9948d5505c42e344c5ee7e7a065ac9') in 0.127633 seconds
  Import took 0.135119 seconds .

========================================================================
Received Prepare
Registering precompiled user dll's ...
Registered in 0.000902 seconds.
Begin MonoManager ReloadAssembly
Native extension for WindowsStandalone target not found
Refreshing native plugins compatible for Editor in 0.37 ms, found 0 plugins.
Preloading 0 native plugins for Editor in 0.00 ms.
Invoked RoslynAnalysisRunner static constructor.
RoslynAnalysisRunner will not be running.
RoslynAnalysisRunner has terminated.
Mono: successfully reloaded assembly
- Completed reload, in  1.897 seconds
Platform modules already initialized, skipping
Refreshing native plugins compatible for Editor in 0.50 ms, found 0 plugins.
Preloading 0 native plugins for Editor in 0.00 ms.
Unloading 1098 Unused Serialized files (Serialized files now loaded: 0)
System memory in use before: 60.0 MB.
System memory in use after: 60.1 MB.

Unloading 5 unused Assets to reduce memory usage. Loaded Objects now: 1596.
Total: 2.971100 ms (FindLiveObjects: 0.251600 ms CreateObjectMapping: 0.068200 ms MarkObjects: 2.569400 ms  DeleteObjects: 0.079300 ms)

========================================================================
Received Prepare
Registering precompiled user dll's ...
Registered in 0.001354 seconds.
Begin MonoManager ReloadAssembly
Native extension for WindowsStandalone target not found
Refreshing native plugins compatible for Editor in 0.38 ms, found 0 plugins.
Preloading 0 native plugins for Editor in 0.00 ms.
Invoked RoslynAnalysisRunner static constructor.
RoslynAnalysisRunner will not be running.
RoslynAnalysisRunner has terminated.
Mono: successfully reloaded assembly
- Completed reload, in  1.818 seconds
Platform modules already initialized, skipping
Refreshing native plugins compatible for Editor in 0.90 ms, found 0 plugins.
Preloading 0 native plugins for Editor in 0.00 ms.
Unloading 1098 Unused Serialized files (Serialized files now loaded: 0)
System memory in use before: 60.0 MB.
System memory in use after: 60.1 MB.

Unloading 5 unused Assets to reduce memory usage. Loaded Objects now: 1598.
Total: 5.510500 ms (FindLiveObjects: 0.414200 ms CreateObjectMapping: 0.126600 ms MarkObjects: 4.768400 ms  DeleteObjects: 0.197300 ms)

========================================================================
Received Prepare
Registering precompiled user dll's ...
Registered in 0.000982 seconds.
Begin MonoManager ReloadAssembly
Native extension for WindowsStandalone target not found
Refreshing native plugins compatible for Editor in 0.36 ms, found 0 plugins.
Preloading 0 native plugins for Editor in 0.00 ms.
Invoked RoslynAnalysisRunner static constructor.
RoslynAnalysisRunner will not be running.
RoslynAnalysisRunner has terminated.
Mono: successfully reloaded assembly
- Completed reload, in  1.704 seconds
Platform modules already initialized, skipping
Refreshing native plugins compatible for Editor in 0.56 ms, found 0 plugins.
Preloading 0 native plugins for Editor in 0.00 ms.
Unloading 1098 Unused Serialized files (Serialized files now loaded: 0)
System memory in use before: 60.1 MB.
System memory in use after: 60.1 MB.

Unloading 5 unused Assets to reduce memory usage. Loaded Objects now: 1600.
Total: 2.718200 ms (FindLiveObjects: 0.190000 ms CreateObjectMapping: 0.054000 ms MarkObjects: 2.392500 ms  DeleteObjects: 0.078600 ms)

========================================================================
Received Prepare
Registering precompiled user dll's ...
Registered in 0.002581 seconds.
Begin MonoManager ReloadAssembly
Native extension for WindowsStandalone target not found
Refreshing native plugins compatible for Editor in 0.30 ms, found 0 plugins.
Preloading 0 native plugins for Editor in 0.00 ms.
Invoked RoslynAnalysisRunner static constructor.
RoslynAnalysisRunner will not be running.
RoslynAnalysisRunner has terminated.
Mono: successfully reloaded assembly
- Completed reload, in  1.576 seconds
Platform modules already initialized, skipping
Refreshing native plugins compatible for Editor in 0.26 ms, found 0 plugins.
Preloading 0 native plugins for Editor in 0.00 ms.
Unloading 1098 Unused Serialized files (Serialized files now loaded: 0)
System memory in use before: 60.1 MB.
System memory in use after: 60.1 MB.

Unloading 5 unused Assets to reduce memory usage. Loaded Objects now: 1602.
Total: 2.773900 ms (FindLiveObjects: 0.180500 ms CreateObjectMapping: 0.047000 ms MarkObjects: 2.468800 ms  DeleteObjects: 0.075200 ms)

========================================================================
Received Import Request.
  Time since last request: 881.123567 seconds.
  path: Assets/GunScript.cs
  artifactKey: Guid(98ebe09bd040baa498136a6fc786a3ec) Importer(815301076,1909f56bfc062723c751e8b465ee728b)
Start importing Assets/GunScript.cs using Guid(98ebe09bd040baa498136a6fc786a3ec) Importer(815301076,1909f56bfc062723c751e8b465ee728b)  -> (artifact id: 'ff8d82eba2481800f66885b53d0b69c9') in 0.008096 seconds
  Import took 0.012024 seconds .

========================================================================
Received Prepare
Registering precompiled user dll's ...
Registered in 0.000697 seconds.
Begin MonoManager ReloadAssembly
Native extension for WindowsStandalone target not found
Refreshing native plugins compatible for Editor in 0.40 ms, found 0 plugins.
Preloading 0 native plugins for Editor in 0.00 ms.
Invoked RoslynAnalysisRunner static constructor.
RoslynAnalysisRunner will not be running.
RoslynAnalysisRunner has terminated.
Mono: successfully reloaded assembly
- Completed reload, in  1.850 seconds
Platform modules already initialized, skipping
Refreshing native plugins compatible for Editor in 0.35 ms, found 0 plugins.
Preloading 0 native plugins for Editor in 0.00 ms.
Unloading 1098 Unused Serialized files (Serialized files now loaded: 0)
System memory in use before: 60.1 MB.
System memory in use after: 60.1 MB.

Unloading 5 unused Assets to reduce memory usage. Loaded Objects now: 1604.
Total: 5.433700 ms (FindLiveObjects: 0.977300 ms CreateObjectMapping: 0.315300 ms MarkObjects: 3.988900 ms  DeleteObjects: 0.148900 ms)

